<?xml version="1.0" encoding="utf-8"?><testsuites><testsuite name="pytest" errors="0" failures="0" skipped="0" tests="3" time="0.359" timestamp="2023-10-08T12:34:02.263535" hostname="fc1b08926b30"><testcase classname="tests.test_prediction" name="test_single_pred_not_none" time="0.011" /><testcase classname="tests.test_prediction" name="test_single_pred_str_type" time="0.008" /><testcase classname="tests.test_prediction" name="test_single_pred_validate" time="0.008" /></testsuite></testsuites>